Using pre-set license
Built from '2021.3/staging' branch; Version is '2021.3.8f1 (b30333d56e81) revision 11731763'; Using compiler version '192829333'; Build Type 'Release'
OS: 'Windows 10  (10.0.19044) 64bit Professional' Language: 'ko' Physical Memory: 16121 MB
BatchMode: 1, IsHumanControllingUs: 0, StartBugReporterOnCrash: 0, Is64bit: 1, IsPro: 1

COMMAND LINE ARGUMENTS:
C:\Program Files\Unity\Hub\Editor\2021.3.8f1\Editor\Unity.exe
-adb2
-batchMode
-noUpm
-name
AssetImportWorker3
-projectPath
C:/Users/user/Documents/car_game2/car_game2
-logFile
Logs/AssetImportWorker3.log
-srvPort
62210
Successfully changed project path to: C:/Users/user/Documents/car_game2/car_game2
C:/Users/user/Documents/car_game2/car_game2
[UnityMemory] Configuration Parameters - Can be set up in boot.config
    "memorysetup-bucket-allocator-granularity=16"
    "memorysetup-bucket-allocator-bucket-count=8"
    "memorysetup-bucket-allocator-block-size=33554432"
    "memorysetup-bucket-allocator-block-count=8"
    "memorysetup-main-allocator-block-size=16777216"
    "memorysetup-thread-allocator-block-size=16777216"
    "memorysetup-gfx-main-allocator-block-size=16777216"
    "memorysetup-gfx-thread-allocator-block-size=16777216"
    "memorysetup-cache-allocator-block-size=4194304"
    "memorysetup-typetree-allocator-block-size=2097152"
    "memorysetup-profiler-bucket-allocator-granularity=16"
    "memorysetup-profiler-bucket-allocator-bucket-count=8"
    "memorysetup-profiler-bucket-allocator-block-size=33554432"
    "memorysetup-profiler-bucket-allocator-block-count=8"
    "memorysetup-profiler-allocator-block-size=16777216"
    "memorysetup-profiler-editor-allocator-block-size=1048576"
    "memorysetup-temp-allocator-size-main=16777216"
    "memorysetup-job-temp-allocator-block-size=2097152"
    "memorysetup-job-temp-allocator-block-size-background=1048576"
    "memorysetup-job-temp-allocator-reduction-small-platforms=262144"
    "memorysetup-temp-allocator-size-background-worker=32768"
    "memorysetup-temp-allocator-size-job-worker=262144"
    "memorysetup-temp-allocator-size-preload-manager=33554432"
    "memorysetup-temp-allocator-size-nav-mesh-worker=65536"
    "memorysetup-temp-allocator-size-audio-worker=65536"
    "memorysetup-temp-allocator-size-cloud-worker=32768"
    "memorysetup-temp-allocator-size-gi-baking-worker=262144"
    "memorysetup-temp-allocator-size-gfx=262144"
Refreshing native plugins compatible for Editor in 77.92 ms, found 3 plugins.
Preloading 0 native plugins for Editor in 0.00 ms.
Initialize engine version: 2021.3.8f1 (b30333d56e81)
[Subsystems] Discovering subsystems at path C:/Program Files/Unity/Hub/Editor/2021.3.8f1/Editor/Data/Resources/UnitySubsystems
[Subsystems] Discovering subsystems at path C:/Users/user/Documents/car_game2/car_game2/Assets
GfxDevice: creating device client; threaded=0; jobified=0
Direct3D:
    Version:  Direct3D 11.0 [level 11.1]
    Renderer: NVIDIA GeForce RTX 3050 Ti Laptop GPU (ID=0x25a0)
    Vendor:   NVIDIA
    VRAM:     3990 MB
    Driver:   30.0.15.1215
Initialize mono
Mono path[0] = 'C:/Program Files/Unity/Hub/Editor/2021.3.8f1/Editor/Data/Managed'
Mono path[1] = 'C:/Program Files/Unity/Hub/Editor/2021.3.8f1/Editor/Data/MonoBleedingEdge/lib/mono/unityjit-win32'
Mono config path = 'C:/Program Files/Unity/Hub/Editor/2021.3.8f1/Editor/Data/MonoBleedingEdge/etc'
Using monoOptions --debugger-agent=transport=dt_socket,embedding=1,server=y,suspend=n,address=127.0.0.1:56628
Begin MonoManager ReloadAssembly
Registering precompiled unity dll's ...
Register platform support module: C:/Program Files/Unity/Hub/Editor/2021.3.8f1/Editor/Data/PlaybackEngines/WindowsStandaloneSupport/UnityEditor.WindowsStandalone.Extensions.dll
Registered in 0.005609 seconds.
Native extension for WindowsStandalone target not found
Refreshing native plugins compatible for Editor in 81.71 ms, found 3 plugins.
Preloading 0 native plugins for Editor in 0.00 ms.
Mono: successfully reloaded assembly
- Completed reload, in  0.536 seconds
Domain Reload Profiling:
	ReloadAssembly (536ms)
		BeginReloadAssembly (61ms)
			ExecutionOrderSort (0ms)
			DisableScriptedObjects (0ms)
			BackupInstance (0ms)
			ReleaseScriptingObjects (0ms)
			CreateAndSetChildDomain (1ms)
		EndReloadAssembly (389ms)
			LoadAssemblies (59ms)
			RebuildTransferFunctionScriptingTraits (0ms)
			SetupTypeCache (96ms)
			ReleaseScriptCaches (0ms)
			RebuildScriptCaches (23ms)
			SetupLoadedEditorAssemblies (229ms)
				LogAssemblyErrors (0ms)
				InitializePlatformSupportModulesInManaged (7ms)
				SetLoadedEditorAssemblies (0ms)
				RefreshPlugins (82ms)
				BeforeProcessingInitializeOnLoad (1ms)
				ProcessInitializeOnLoadAttributes (91ms)
				ProcessInitializeOnLoadMethodAttributes (48ms)
				AfterProcessingInitializeOnLoad (0ms)
				EditorAssembliesLoaded (0ms)
			ExecutionOrderSort2 (0ms)
			AwakeInstancesAfterBackupRestoration (0ms)
Platform modules already initialized, skipping
Registering precompiled user dll's ...
Registered in 0.006276 seconds.
Begin MonoManager ReloadAssembly
Symbol file LoadedFromMemory doesn't match image C:\Users\user\Documents\car_game2\car_game2\Library\PackageCache\com.unity.visualscripting@1.7.8\Editor\VisualScripting.Core\Dependencies\YamlDotNet\Unity.VisualScripting.YamlDotNet.dll
Symbol file LoadedFromMemory doesn't match image C:\Users\user\Documents\car_game2\car_game2\Library\PackageCache\com.unity.visualscripting@1.7.8\Editor\VisualScripting.Core\Dependencies\DotNetZip\Unity.VisualScripting.IonicZip.dll
Native extension for WindowsStandalone target not found
Refreshing native plugins compatible for Editor in 79.07 ms, found 3 plugins.
Preloading 0 native plugins for Editor in 0.00 ms.
Mono: successfully reloaded assembly
- Completed reload, in  0.998 seconds
Domain Reload Profiling:
	ReloadAssembly (998ms)
		BeginReloadAssembly (105ms)
			ExecutionOrderSort (0ms)
			DisableScriptedObjects (4ms)
			BackupInstance (0ms)
			ReleaseScriptingObjects (0ms)
			CreateAndSetChildDomain (22ms)
		EndReloadAssembly (800ms)
			LoadAssemblies (84ms)
			RebuildTransferFunctionScriptingTraits (0ms)
			SetupTypeCache (217ms)
			ReleaseScriptCaches (1ms)
			RebuildScriptCaches (47ms)
			SetupLoadedEditorAssemblies (423ms)
				LogAssemblyErrors (0ms)
				InitializePlatformSupportModulesInManaged (4ms)
				SetLoadedEditorAssemblies (0ms)
				RefreshPlugins (79ms)
				BeforeProcessingInitializeOnLoad (82ms)
				ProcessInitializeOnLoadAttributes (182ms)
				ProcessInitializeOnLoadMethodAttributes (69ms)
				AfterProcessingInitializeOnLoad (6ms)
				EditorAssembliesLoaded (0ms)
			ExecutionOrderSort2 (0ms)
			AwakeInstancesAfterBackupRestoration (10ms)
Platform modules already initialized, skipping
========================================================================
Worker process is ready to serve import requests
Launched and connected shader compiler UnityShaderCompiler.exe after 0.04 seconds
Refreshing native plugins compatible for Editor in 1.02 ms, found 3 plugins.
Preloading 0 native plugins for Editor in 0.00 ms.
Unloading 5045 Unused Serialized files (Serialized files now loaded: 0)
Unloading 31 unused Assets / (347.4 KB). Loaded Objects now: 5501.
Memory consumption went from 198.6 MB to 198.2 MB.
Total: 3.153100 ms (FindLiveObjects: 0.431400 ms CreateObjectMapping: 0.200600 ms MarkObjects: 2.344100 ms  DeleteObjects: 0.176000 ms)

AssetImportParameters requested are different than current active one (requested -> active):
  custom:video-decoder-ogg-theora: a1e56fd34408186e4bbccfd4996cb3dc -> 
  custom:container-muxer-webm: aa71ff27fc2769a1b78a27578f13a17b -> 
  custom:container-demuxer-webm: 4f35f7cbe854078d1ac9338744f61a02 -> 
  custom:video-encoder-webm-vp8: eb34c28f22e8b96e1ab97ce403110664 -> 
  custom:video-codec-MediaFoundation-h265: 746d11721c4dcdbdad8f713fa42b33f4 -> 
  custom:audio-encoder-webm-vorbis: bf7c407c2cedff20999df2af8eb42d56 -> 
  custom:framework-win-MediaFoundation: 216162199b28c13a410421893ffa2e32 -> 
  custom:container-demuxer-ogg: 62fdf1f143b41e24485cea50d1cbac27 -> 
  custom:video-decoder-webm-vp8: 9c59270c3fd7afecdb556c50c9e8de78 -> 
  custom:audio-decoder-ogg-vorbis: bf7c407c2cedff20999df2af8eb42d56 -> 
========================================================================
Received Import Request.
  Time since last request: 169397.240382 seconds.
  path: Assets/RealisticMobileCars - Pro 3D Models/Vehicles/RMCarDemo/Meshes/RMCarDemoShadow.FBX
  artifactKey: Guid(5af18c37f52da3c4b90f1ba719759bf2) Importer(815301076,1909f56bfc062723c751e8b465ee728b)
Start importing Assets/RealisticMobileCars - Pro 3D Models/Vehicles/RMCarDemo/Meshes/RMCarDemoShadow.FBX using Guid(5af18c37f52da3c4b90f1ba719759bf2) Importer(815301076,1909f56bfc062723c751e8b465ee728b)  -> (artifact id: '27712925119c0c7b9271ae887aeec2db') in 0.504160 seconds 
========================================================================
Received Import Request.
  Time since last request: 0.000059 seconds.
  path: Assets/RealisticMobileCars - Pro 3D Models/Vehicles/RMCarDemo/Meshes/RMCarDemoWheel.FBX
  artifactKey: Guid(00c10bdddf3580a4389dfff5965ad500) Importer(815301076,1909f56bfc062723c751e8b465ee728b)
Start importing Assets/RealisticMobileCars - Pro 3D Models/Vehicles/RMCarDemo/Meshes/RMCarDemoWheel.FBX using Guid(00c10bdddf3580a4389dfff5965ad500) Importer(815301076,1909f56bfc062723c751e8b465ee728b)  -> (artifact id: '484948efa1abee6edf3247fdca5c0ff6') in 0.109988 seconds 
========================================================================
Received Import Request.
  Time since last request: 0.253605 seconds.
  path: Assets/RealisticMobileCars - Pro 3D Models/Vehicles/RMCarDemo/Meshes/Materials/RMCarDemo_Body.mat
  artifactKey: Guid(5dded3f18a3a7a84abaee98448e35fc4) Importer(815301076,1909f56bfc062723c751e8b465ee728b)
Start importing Assets/RealisticMobileCars - Pro 3D Models/Vehicles/RMCarDemo/Meshes/Materials/RMCarDemo_Body.mat using Guid(5dded3f18a3a7a84abaee98448e35fc4) Importer(815301076,1909f56bfc062723c751e8b465ee728b)  -> (artifact id: 'c92cbd3383be15dd4390103a923b9de1') in 0.042025 seconds 
========================================================================
Received Import Request.
  Time since last request: 0.000048 seconds.
  path: Assets/RealisticMobileCars - Pro 3D Models/Vehicles/RMCarDemo/Meshes/Materials/RMCarDemo_Interior3P.mat
  artifactKey: Guid(dfec3b3bb33158c4bb00c540a66b4601) Importer(815301076,1909f56bfc062723c751e8b465ee728b)
Start importing Assets/RealisticMobileCars - Pro 3D Models/Vehicles/RMCarDemo/Meshes/Materials/RMCarDemo_Interior3P.mat using Guid(dfec3b3bb33158c4bb00c540a66b4601) Importer(815301076,1909f56bfc062723c751e8b465ee728b)  -> (artifact id: '11323773462a98040d01d34b5f2d99f8') in 0.027668 seconds 
========================================================================
Received Import Request.
  Time since last request: 0.000032 seconds.
  path: Assets/RealisticMobileCars - Pro 3D Models/Vehicles/RMCarDemo/Meshes/Materials/RMCarDemo_Light.mat
  artifactKey: Guid(d8bc51e51cbfa4b43992e868fa1cf75e) Importer(815301076,1909f56bfc062723c751e8b465ee728b)
Start importing Assets/RealisticMobileCars - Pro 3D Models/Vehicles/RMCarDemo/Meshes/Materials/RMCarDemo_Light.mat using Guid(d8bc51e51cbfa4b43992e868fa1cf75e) Importer(815301076,1909f56bfc062723c751e8b465ee728b)  -> (artifact id: '77a02fdc56a647746564ebfbe60b5b79') in 0.026034 seconds 
========================================================================
Received Import Request.
  Time since last request: 0.000045 seconds.
  path: Assets/RealisticMobileCars - Pro 3D Models/Vehicles/RMCarDemo/Meshes/Materials/RMCarDemo_HUB.mat
  artifactKey: Guid(9b69deb6f6144774fa56d90ac113085b) Importer(815301076,1909f56bfc062723c751e8b465ee728b)
Start importing Assets/RealisticMobileCars - Pro 3D Models/Vehicles/RMCarDemo/Meshes/Materials/RMCarDemo_HUB.mat using Guid(9b69deb6f6144774fa56d90ac113085b) Importer(815301076,1909f56bfc062723c751e8b465ee728b)  -> (artifact id: 'e47529b448da606c0acc6c9d4506e5fb') in 0.023265 seconds 
========================================================================
Received Import Request.
  Time since last request: 0.000051 seconds.
  path: Assets/RealisticMobileCars - Pro 3D Models/Vehicles/RMCarDemo/Meshes/Materials/RMCarDemo_Interior1P.mat
  artifactKey: Guid(fdbb4c76159dbf147913967e25b031e9) Importer(815301076,1909f56bfc062723c751e8b465ee728b)
Start importing Assets/RealisticMobileCars - Pro 3D Models/Vehicles/RMCarDemo/Meshes/Materials/RMCarDemo_Interior1P.mat using Guid(fdbb4c76159dbf147913967e25b031e9) Importer(815301076,1909f56bfc062723c751e8b465ee728b)  -> (artifact id: '28171f4b47cef0e1b3fa607a199b950b') in 0.038269 seconds 
========================================================================
Received Import Request.
  Time since last request: 0.000057 seconds.
  path: Assets/RealisticMobileCars - Pro 3D Models/Vehicles/RMCarDemo/Meshes/Materials/RMCarDemo_Paint.mat
  artifactKey: Guid(3526717e4f563c643be295f5d28f5e40) Importer(815301076,1909f56bfc062723c751e8b465ee728b)
Start importing Assets/RealisticMobileCars - Pro 3D Models/Vehicles/RMCarDemo/Meshes/Materials/RMCarDemo_Paint.mat using Guid(3526717e4f563c643be295f5d28f5e40) Importer(815301076,1909f56bfc062723c751e8b465ee728b)  -> (artifact id: '913b1c10bf465f176f8bc2b0b5a52c6f') in 0.025697 seconds 
========================================================================
Received Import Request.
  Time since last request: 0.000031 seconds.
  path: Assets/RealisticMobileCars - Pro 3D Models/Vehicles/RMCarDemo/Meshes/Materials/RMCarDemo_LicensePlateUs.mat
  artifactKey: Guid(c53e2917cc9ac254b9d4601ad1046a40) Importer(815301076,1909f56bfc062723c751e8b465ee728b)
Start importing Assets/RealisticMobileCars - Pro 3D Models/Vehicles/RMCarDemo/Meshes/Materials/RMCarDemo_LicensePlateUs.mat using Guid(c53e2917cc9ac254b9d4601ad1046a40) Importer(815301076,1909f56bfc062723c751e8b465ee728b)  -> (artifact id: 'c2ede7d10cdd2b445db289a849c6cb00') in 0.023126 seconds 
========================================================================
Received Import Request.
  Time since last request: 0.000052 seconds.
  path: Assets/RealisticMobileCars - Pro 3D Models/Vehicles/RMCarDemo/Meshes/Materials/RMCarDemo_LicensePlateEu.mat
  artifactKey: Guid(5246229f6957dde488b760c9747a6ae4) Importer(815301076,1909f56bfc062723c751e8b465ee728b)
Start importing Assets/RealisticMobileCars - Pro 3D Models/Vehicles/RMCarDemo/Meshes/Materials/RMCarDemo_LicensePlateEu.mat using Guid(5246229f6957dde488b760c9747a6ae4) Importer(815301076,1909f56bfc062723c751e8b465ee728b)  -> (artifact id: 'ad5a93ee8b04779728a14c1a91233344') in 0.027217 seconds 
========================================================================
Received Import Request.
  Time since last request: 0.374735 seconds.
  path: Assets/RealisticMobileCars - Pro 3D Models/Vehicles/RMCarDemo/Meshes/Materials/RMCarDemo_Wheel.mat
  artifactKey: Guid(b83d1f56f49935e458bc64d7088e9b27) Importer(815301076,1909f56bfc062723c751e8b465ee728b)
Start importing Assets/RealisticMobileCars - Pro 3D Models/Vehicles/RMCarDemo/Meshes/Materials/RMCarDemo_Wheel.mat using Guid(b83d1f56f49935e458bc64d7088e9b27) Importer(815301076,1909f56bfc062723c751e8b465ee728b)  -> (artifact id: 'c97ef6efc2256da4b60a22f2417036c2') in 0.033144 seconds 
Editor requested this worker to shutdown with reason: Scaling down because of idle timeout
AssetImportWorker is now disconnected from the server
Process exiting
Exiting without the bug reporter. Application will terminate with return code 0